Determining if the pthread_create exist failed with the following output:
Change Dir: /home/john/moveit/build/CMakeFiles/CMakeTmp

Run Build Command:/usr/bin/make "cmTryCompileExec1250538963/fast"
/usr/bin/make -f CMakeFiles/cmTryCompileExec1250538963.dir/build.make CMakeFiles/cmTryCompileExec1250538963.dir/build
make[1]: Entering directory `/home/john/moveit/build/CMakeFiles/CMakeTmp'
/usr/bin/cmake -E cmake_progress_report /home/john/moveit/build/CMakeFiles/CMakeTmp/CMakeFiles 1
Building C object CMakeFiles/cmTryCompileExec1250538963.dir/CheckSymbolExists.c.o
/usr/bin/cc    -o CMakeFiles/cmTryCompileExec1250538963.dir/CheckSymbolExists.c.o   -c /home/john/moveit/build/CMakeFiles/CMakeTmp/CheckSymbolExists.c
Linking C executable cmTryCompileExec1250538963
/usr/bin/cmake -E cmake_link_script CMakeFiles/cmTryCompileExec1250538963.dir/link.txt --verbose=1
/usr/bin/cc       CMakeFiles/cmTryCompileExec1250538963.dir/CheckSymbolExists.c.o  -o cmTryCompileExec1250538963 -rdynamic 
CMakeFiles/cmTryCompileExec1250538963.dir/CheckSymbolExists.c.o: In function `main':
CheckSymbolExists.c:(.text+0x16): undefined reference to `pthread_create'
collect2: error: ld returned 1 exit status
make[1]: *** [cmTryCompileExec1250538963] Error 1
make[1]: Leaving directory `/home/john/moveit/build/CMakeFiles/CMakeTmp'
make: *** [cmTryCompileExec1250538963/fast] Error 2

File /home/john/moveit/build/CMakeFiles/CMakeTmp/CheckSymbolExists.c:
/* */
#include <pthread.h>

int main(int argc, char** argv)
{
  (void)argv;
#ifndef pthread_create
  return ((int*)(&pthread_create))[argc];
#else
  (void)argc;
  return 0;
#endif
}

Determining if the function pthread_create exists in the pthreads failed with the following output:
Change Dir: /home/john/moveit/build/CMakeFiles/CMakeTmp

Run Build Command:/usr/bin/make "cmTryCompileExec995938401/fast"
/usr/bin/make -f CMakeFiles/cmTryCompileExec995938401.dir/build.make CMakeFiles/cmTryCompileExec995938401.dir/build
make[1]: Entering directory `/home/john/moveit/build/CMakeFiles/CMakeTmp'
/usr/bin/cmake -E cmake_progress_report /home/john/moveit/build/CMakeFiles/CMakeTmp/CMakeFiles 1
Building C object CMakeFiles/cmTryCompileExec995938401.dir/CheckFunctionExists.c.o
/usr/bin/cc   -DCHECK_FUNCTION_EXISTS=pthread_create   -o CMakeFiles/cmTryCompileExec995938401.dir/CheckFunctionExists.c.o   -c /usr/share/cmake-2.8/Modules/CheckFunctionExists.c
Linking C executable cmTryCompileExec995938401
/usr/bin/cmake -E cmake_link_script CMakeFiles/cmTryCompileExec995938401.dir/link.txt --verbose=1
/usr/bin/cc   -DCHECK_FUNCTION_EXISTS=pthread_create    CMakeFiles/cmTryCompileExec995938401.dir/CheckFunctionExists.c.o  -o cmTryCompileExec995938401 -rdynamic -lpthreads 
/usr/bin/ld: cannot find -lpthreads
collect2: error: ld returned 1 exit status
make[1]: *** [cmTryCompileExec995938401] Error 1
make[1]: Leaving directory `/home/john/moveit/build/CMakeFiles/CMakeTmp'
make: *** [cmTryCompileExec995938401/fast] Error 2


Determining if the Q_WS_WIN exist failed with the following output:
Change Dir: /home/john/moveit/build/CMakeFiles/CMakeTmp

Run Build Command:/usr/bin/make "cmTryCompileExec548286359/fast"
/usr/bin/make -f CMakeFiles/cmTryCompileExec548286359.dir/build.make CMakeFiles/cmTryCompileExec548286359.dir/build
make[1]: Entering directory `/home/john/moveit/build/CMakeFiles/CMakeTmp'
/usr/bin/cmake -E cmake_progress_report /home/john/moveit/build/CMakeFiles/CMakeTmp/CMakeFiles 1
Building CXX object CMakeFiles/cmTryCompileExec548286359.dir/CheckSymbolExists.cxx.o
/usr/bin/c++    -I/usr/include/qt4    -o CMakeFiles/cmTryCompileExec548286359.dir/CheckSymbolExists.cxx.o -c /home/john/moveit/build/CMakeFiles/CMakeTmp/CheckSymbolExists.cxx
/home/john/moveit/build/CMakeFiles/CMakeTmp/CheckSymbolExists.cxx: In function ‘int main(int, char**)’:
/home/john/moveit/build/CMakeFiles/CMakeTmp/CheckSymbolExists.cxx:8:19: error: ‘Q_WS_WIN’ was not declared in this scope
   return ((int*)(&Q_WS_WIN))[argc];
                   ^
make[1]: *** [CMakeFiles/cmTryCompileExec548286359.dir/CheckSymbolExists.cxx.o] Error 1
make[1]: Leaving directory `/home/john/moveit/build/CMakeFiles/CMakeTmp'
make: *** [cmTryCompileExec548286359/fast] Error 2

File /home/john/moveit/build/CMakeFiles/CMakeTmp/CheckSymbolExists.cxx:
/* */
#include <QtCore/qglobal.h>

int main(int argc, char** argv)
{
  (void)argv;
#ifndef Q_WS_WIN
  return ((int*)(&Q_WS_WIN))[argc];
#else
  (void)argc;
  return 0;
#endif
}

Determining if the Q_WS_QWS exist failed with the following output:
Change Dir: /home/john/moveit/build/CMakeFiles/CMakeTmp

Run Build Command:/usr/bin/make "cmTryCompileExec3181032901/fast"
/usr/bin/make -f CMakeFiles/cmTryCompileExec3181032901.dir/build.make CMakeFiles/cmTryCompileExec3181032901.dir/build
make[1]: Entering directory `/home/john/moveit/build/CMakeFiles/CMakeTmp'
/usr/bin/cmake -E cmake_progress_report /home/john/moveit/build/CMakeFiles/CMakeTmp/CMakeFiles 1
Building CXX object CMakeFiles/cmTryCompileExec3181032901.dir/CheckSymbolExists.cxx.o
/usr/bin/c++    -I/usr/include/qt4    -o CMakeFiles/cmTryCompileExec3181032901.dir/CheckSymbolExists.cxx.o -c /home/john/moveit/build/CMakeFiles/CMakeTmp/CheckSymbolExists.cxx
/home/john/moveit/build/CMakeFiles/CMakeTmp/CheckSymbolExists.cxx: In function ‘int main(int, char**)’:
/home/john/moveit/build/CMakeFiles/CMakeTmp/CheckSymbolExists.cxx:8:19: error: ‘Q_WS_QWS’ was not declared in this scope
   return ((int*)(&Q_WS_QWS))[argc];
                   ^
make[1]: *** [CMakeFiles/cmTryCompileExec3181032901.dir/CheckSymbolExists.cxx.o] Error 1
make[1]: Leaving directory `/home/john/moveit/build/CMakeFiles/CMakeTmp'
make: *** [cmTryCompileExec3181032901/fast] Error 2

File /home/john/moveit/build/CMakeFiles/CMakeTmp/CheckSymbolExists.cxx:
/* */
#include <QtCore/qglobal.h>

int main(int argc, char** argv)
{
  (void)argv;
#ifndef Q_WS_QWS
  return ((int*)(&Q_WS_QWS))[argc];
#else
  (void)argc;
  return 0;
#endif
}

Determining if the Q_WS_MAC exist failed with the following output:
Change Dir: /home/john/moveit/build/CMakeFiles/CMakeTmp

Run Build Command:/usr/bin/make "cmTryCompileExec1453993999/fast"
/usr/bin/make -f CMakeFiles/cmTryCompileExec1453993999.dir/build.make CMakeFiles/cmTryCompileExec1453993999.dir/build
make[1]: Entering directory `/home/john/moveit/build/CMakeFiles/CMakeTmp'
/usr/bin/cmake -E cmake_progress_report /home/john/moveit/build/CMakeFiles/CMakeTmp/CMakeFiles 1
Building CXX object CMakeFiles/cmTryCompileExec1453993999.dir/CheckSymbolExists.cxx.o
/usr/bin/c++    -I/usr/include/qt4    -o CMakeFiles/cmTryCompileExec1453993999.dir/CheckSymbolExists.cxx.o -c /home/john/moveit/build/CMakeFiles/CMakeTmp/CheckSymbolExists.cxx
/home/john/moveit/build/CMakeFiles/CMakeTmp/CheckSymbolExists.cxx: In function ‘int main(int, char**)’:
/home/john/moveit/build/CMakeFiles/CMakeTmp/CheckSymbolExists.cxx:8:19: error: ‘Q_WS_MAC’ was not declared in this scope
   return ((int*)(&Q_WS_MAC))[argc];
                   ^
make[1]: *** [CMakeFiles/cmTryCompileExec1453993999.dir/CheckSymbolExists.cxx.o] Error 1
make[1]: Leaving directory `/home/john/moveit/build/CMakeFiles/CMakeTmp'
make: *** [cmTryCompileExec1453993999/fast] Error 2

File /home/john/moveit/build/CMakeFiles/CMakeTmp/CheckSymbolExists.cxx:
/* */
#include <QtCore/qglobal.h>

int main(int argc, char** argv)
{
  (void)argv;
#ifndef Q_WS_MAC
  return ((int*)(&Q_WS_MAC))[argc];
#else
  (void)argc;
  return 0;
#endif
}

